<?xml version="1.0" encoding="UTF-8"?>
<!-- Generated by org.testng.reporters.JUnitReportReporter -->
<testsuite hostname="edwin-pc" name="org.live.meganto_app.test_area.MagentoLoginTest" tests="6" failures="0" timestamp="22 Sep 2015 21:56:58 GMT" time="20.581" errors="0">
  <testcase name="loginTest" time="3.346" classname="org.live.meganto_app.test_area.MagentoLoginTest"/>
  <testcase name="loginTest" time="3.583" classname="org.live.meganto_app.test_area.MagentoLoginTest"/>
  <testcase name="loginTest1" time="3.450" classname="org.live.meganto_app.test_area.MagentoLoginTest"/>
  <testcase name="loginTest1" time="3.233" classname="org.live.meganto_app.test_area.MagentoLoginTest"/>
  <testcase name="loginTest" time="3.341" classname="org.live.meganto_app.test_area.MagentoLoginTest"/>
  <testcase name="loginTest1" time="3.628" classname="org.live.meganto_app.test_area.MagentoLoginTest"/>
</testsuite>
