<?xml version="1.0" encoding="UTF-8"?>
<!-- Generated by org.testng.reporters.JUnitReportReporter -->
<testsuite hostname="edwin-pc" name="org.live.meganto_app.test_area.MagentoLogoutTest" tests="3" failures="0" timestamp="22 Sep 2015 21:56:58 GMT" time="11.007" errors="0">
  <testcase name="logout" time="3.238" classname="org.live.meganto_app.test_area.MagentoLogoutTest"/>
  <testcase name="logout" time="4.546" classname="org.live.meganto_app.test_area.MagentoLogoutTest"/>
  <testcase name="logout" time="3.223" classname="org.live.meganto_app.test_area.MagentoLogoutTest"/>
</testsuite>
