<?xml version="1.0" encoding="UTF-8"?>
<!-- Generated by org.testng.reporters.JUnitReportReporter -->
<testsuite hostname="edwin-pc" name="org.live.meganto_app.test_area.MagentoLoginWithExcelDataTest" tests="7" failures="0" timestamp="23 Sep 2015 20:19:47 GMT" time="13.877" errors="0">
  <testcase name="loginTest2" time="2.597" classname="org.live.meganto_app.test_area.MagentoLoginWithExcelDataTest"/>
  <testcase name="loginTest5" time="0.969" classname="org.live.meganto_app.test_area.MagentoLoginWithExcelDataTest"/>
  <testcase name="loginTest1" time="2.274" classname="org.live.meganto_app.test_area.MagentoLoginWithExcelDataTest"/>
  <testcase name="loginTest4" time="2.694" classname="org.live.meganto_app.test_area.MagentoLoginWithExcelDataTest"/>
  <testcase name="loginTest6" time="1.017" classname="org.live.meganto_app.test_area.MagentoLoginWithExcelDataTest"/>
  <testcase name="loginTest7" time="0.987" classname="org.live.meganto_app.test_area.MagentoLoginWithExcelDataTest"/>
  <testcase name="loginTest3" time="3.339" classname="org.live.meganto_app.test_area.MagentoLoginWithExcelDataTest"/>
</testsuite>
