<?xml version="1.0" encoding="UTF-8"?>
<!-- Generated by org.testng.reporters.JUnitReportReporter -->
<testsuite hostname="edwin-pc" name="org.live.meganto_app.test_area.MagentoLoginTest" tests="3" failures="0" timestamp="22 Sep 2015 20:55:11 GMT" time="9.544" errors="0">
  <testcase name="loginTest" time="3.197" classname="org.live.meganto_app.test_area.MagentoLoginTest"/>
  <testcase name="loginTest" time="3.225" classname="org.live.meganto_app.test_area.MagentoLoginTest"/>
  <testcase name="loginTest" time="3.122" classname="org.live.meganto_app.test_area.MagentoLoginTest"/>
</testsuite>
